<?xml version="1.0" encoding="UTF-8"?>
<testng-results ignored="0" total="1" passed="1" failed="0" skipped="0">
  <reporter-output>
  </reporter-output>
  <suite started-at="2022-05-03T15:53:17 IST" name="Default suite" finished-at="2022-05-03T15:53:35 IST" duration-ms="18369">
    <groups>
    </groups>
    <test started-at="2022-05-03T15:53:17 IST" name="Default test" finished-at="2022-05-03T15:53:35 IST" duration-ms="18369">
      <class name="com.Test.VerifyLoginpage_tc001">
        <test-method is-config="true" signature="setup()[pri:0, instance:com.Test.VerifyLoginpage_tc001@72f926e6]" started-at="2022-05-03T15:53:17 IST" name="setup" finished-at="2022-05-03T15:53:34 IST" duration-ms="17495" status="PASS">
          <reporter-output>
          </reporter-output>
        </test-method> <!-- setup -->
        <test-method signature="Verifylogin()[pri:0, instance:com.Test.VerifyLoginpage_tc001@72f926e6]" started-at="2022-05-03T15:53:34 IST" name="Verifylogin" finished-at="2022-05-03T15:53:35 IST" duration-ms="543" status="PASS">
          <reporter-output>
          </reporter-output>
        </test-method> <!-- Verifylogin -->
        <test-method is-config="true" signature="teardown()[pri:0, instance:com.Test.VerifyLoginpage_tc001@72f926e6]" started-at="2022-05-03T15:53:35 IST" name="teardown" finished-at="2022-05-03T15:53:35 IST" duration-ms="274" status="PASS">
          <reporter-output>
          </reporter-output>
        </test-method> <!-- teardown -->
      </class> <!-- com.Test.VerifyLoginpage_tc001 -->
    </test> <!-- Default test -->
  </suite> <!-- Default suite -->
</testng-results>
